

Microchip MPLAB XC8 Assembler V2.40 build 20220703182018 
                                                                                               Wed Sep 28 13:53:10 2022

Microchip MPLAB XC8 C Compiler v2.40 (Free license) build 20220703182018 Og1 
     1                           	processor	18F24Q10
     2                           	fnconf	rparam,??,?,0
     3                           	pagewidth 120
     4                           	opt	flic
     5                           	psect	smallconst,global,reloc=2,class=SMALLCONST,delta=1,noexec
     6                           	psect	cinit,global,reloc=2,class=CODE,delta=1
     7                           	psect	bssCOMRAM,global,class=COMRAM,space=1,delta=1,lowdata,noexec
     8                           	psect	cstackCOMRAM,global,class=COMRAM,space=1,delta=1,lowdata,noexec
     9                           	psect	text0,global,reloc=2,class=CODE,delta=1
    10                           	psect	text1,global,reloc=2,class=CODE,delta=1,group=3
    11                           	psect	text2,global,reloc=2,class=CODE,delta=1,group=1
    12                           	psect	text3,global,reloc=2,class=CODE,delta=1,group=1
    13                           	psect	text4,global,reloc=2,class=CODE,delta=1,group=3
    14                           	psect	text5,global,reloc=2,class=CODE,delta=1,group=3
    15                           	psect	intsave_regs,global,class=BIGRAM,space=1,delta=1,noexec
    16                           	psect	rparam,global,class=COMRAM,space=1,delta=1,noexec
    17                           	psect	idloc,global,abs,ovrld,class=IDLOC,space=5,delta=1,noexec
    18                           	psect	config,global,abs,ovrld,class=CONFIG,space=4,delta=1,noexec
    19   000000                     
    20                           ; Generated 17/06/2022 GMT
    21                           ; 
    22                           ; Copyright © 2022, Microchip Technology Inc. and its subsidiaries ("Microchip")
    23                           ; All rights reserved.
    24                           ; 
    25                           ; This software is developed by Microchip Technology Inc. and its subsidiaries ("Microch
      +                          ip").
    26                           ; 
    27                           ; Redistribution and use in source and binary forms, with or without modification, are
    28                           ; permitted provided that the following conditions are met:
    29                           ; 
    30                           ;     1. Redistributions of source code must retain the above copyright notice, this lis
      +                          t of
    31                           ;        conditions and the following disclaimer.
    32                           ; 
    33                           ;     2. Redistributions in binary form must reproduce the above copyright notice, this 
      +                          list
    34                           ;        of conditions and the following disclaimer in the documentation and/or other
    35                           ;        materials provided with the distribution. Publication is not required when
    36                           ;        this file is used in an embedded application.
    37                           ; 
    38                           ;     3. Microchip's name may not be used to endorse or promote products derived from th
      +                          is
    39                           ;        software without specific prior written permission.
    40                           ; 
    41                           ; THIS SOFTWARE IS PROVIDED BY MICROCHIP "AS IS" AND ANY EXPRESS OR IMPLIED WARRANTIES,
    42                           ; INCLUDING, BUT NOT LIMITED TO, THE IMPLIED WARRANTIES OF MERCHANTABILITY AND FITNESS F
      +                          OR
    43                           ; PURPOSE ARE DISCLAIMED.  IN NO EVENT SHALL MICROCHIP BE LIABLE FOR ANY DIRECT, INDIREC
      +                          T,
    44                           ; INCIDENTAL, SPECIAL, EXEMPLARY, OR CONSEQUENTIAL DAMAGES (INCLUDING BUT NOT LIMITED TO
    45                           ; PROCUREMENT OF SUBSTITUTE GOODS OR SERVICES; LOSS OF USE, DATA OR PROFITS; OR BUSINESS
    46                           ; INTERRUPTION) HOWSOEVER CAUSED AND ON ANY THEORY OF LIABILITY, WHETHER IN CONTRACT, ST
      +                          RICT
    47                           ; LIABILITY, OR TORT (INCLUDING NEGLIGENCE OR OTHERWISE) ARISING IN ANY WAY OUT OF THE U
      +                          SE OF
    48                           ; THIS SOFTWARE, EVEN IF ADVISED OF THE POSSIBILITY OF SUCH DAMAGE.
    49                           ; 
    50                           ; 
    51                           ; Code-generator required, PIC18F24Q10 Definitions
    52                           ; 
    53                           ; SFR Addresses
    54   000000                     _LATA5	set	31765
    55   000000                     _TRISA5	set	31805
    56                           
    57                           	psect	smallconst
    58   001504                     __psmallconst:
    59                           	callstack 0
    60   001504  00                 	db	0
    61   001505                     STR_1:
    62   001505  00                 	db	0
    63   001506  00                 	db	0	; dummy byte at the end
    64   000000                     
    65                           ; #config settings
    66                           
    67                           	psect	cinit
    68   003DF8                     __pcinit:
    69                           	callstack 0
    70   003DF8                     start_initialization:
    71                           	callstack 0
    72   003DF8                     __initialization:
    73                           	callstack 0
    74                           
    75                           ; Clear objects allocated to COMRAM (37 bytes)
    76   003DF8  EE00  F001         	lfsr	0,__pbssCOMRAM
    77   003DFC  0E25               	movlw	37
    78   003DFE                     clear_0:
    79   003DFE  6AEE               	clrf	postinc0,c
    80   003E00  06E8               	decf	wreg,f,c
    81   003E02  E1FD               	bnz	clear_0
    82   003E04                     end_of_initialization:
    83                           	callstack 0
    84   003E04                     __end_of__initialization:
    85                           	callstack 0
    86   003E04  0E00               	movlw	low (__Lsmallconst shr (0+16))
    87   003E06  6EF8               	movwf	tblptru,c
    88   003E08  0E15               	movlw	high __Lsmallconst
    89   003E0A  6EF7               	movwf	tblptrh,c
    90   003E0C  0100               	movlb	0
    91   003E0E  EF43  F01F         	goto	_main	;jump to C main() function
    92                           
    93                           	psect	bssCOMRAM
    94   000001                     __pbssCOMRAM:
    95                           	callstack 0
    96   000001                     	ds	32
    97   000021                     _width:
    98                           	callstack 0
    99   000021                     	ds	2
   100   000023                     _prec:
   101                           	callstack 0
   102   000023                     	ds	2
   103   000025                     _flags:
   104                           	callstack 0
   105   000025                     	ds	1
   106                           
   107                           	psect	cstackCOMRAM
   108   000026                     __pcstackCOMRAM:
   109                           	callstack 0
   110   000026                     fputc@c:
   111                           	callstack 0
   112                           
   113                           ; 2 bytes @ 0x0
   114   000026                     	ds	2
   115   000028                     fputc@fp:
   116                           	callstack 0
   117                           
   118                           ; 2 bytes @ 0x2
   119   000028                     	ds	2
   120   00002A                     ??_fputc:
   121                           
   122                           ; 1 bytes @ 0x4
   123   00002A                     	ds	5
   124   00002F                     vfpfcnvrt@fp:
   125                           	callstack 0
   126                           
   127                           ; 2 bytes @ 0x9
   128   00002F                     	ds	2
   129   000031                     vfpfcnvrt@fmt:
   130                           	callstack 0
   131                           
   132                           ; 2 bytes @ 0xB
   133   000031                     	ds	2
   134   000033                     vfpfcnvrt@ap:
   135                           	callstack 0
   136                           
   137                           ; 2 bytes @ 0xD
   138   000033                     	ds	2
   139   000035                     ?_vfprintf:
   140                           	callstack 0
   141   000035                     vfprintf@fp:
   142                           	callstack 0
   143                           
   144                           ; 2 bytes @ 0xF
   145   000035                     	ds	2
   146   000037                     vfprintf@fmt:
   147                           	callstack 0
   148                           
   149                           ; 2 bytes @ 0x11
   150   000037                     	ds	2
   151   000039                     vfprintf@ap:
   152                           	callstack 0
   153                           
   154                           ; 2 bytes @ 0x13
   155   000039                     	ds	2
   156   00003B                     vfprintf@cfmt:
   157                           	callstack 0
   158                           
   159                           ; 2 bytes @ 0x15
   160   00003B                     	ds	2
   161   00003D                     ?_printf:
   162                           	callstack 0
   163   00003D                     printf@fmt:
   164                           	callstack 0
   165                           
   166                           ; 2 bytes @ 0x17
   167   00003D                     	ds	2
   168   00003F                     printf@ap:
   169                           	callstack 0
   170                           
   171                           ; 2 bytes @ 0x19
   172   00003F                     	ds	2
   173   000041                     ??_main:
   174                           
   175                           ; 1 bytes @ 0x1B
   176   000041                     	ds	2
   177   000043                     main@counter:
   178                           	callstack 0
   179                           
   180                           ; 1 bytes @ 0x1D
   181   000043                     	ds	1
   182                           
   183 ;;
   184 ;;Main: autosize = 0, tempsize = 2, incstack = 0, save=0
   185 ;;
   186 ;; *************** function _main *****************
   187 ;; Defined at:
   188 ;;		line 61 in file "main.c"
   189 ;; Parameters:    Size  Location     Type
   190 ;;		None
   191 ;; Auto vars:     Size  Location     Type
   192 ;;  counter         1   29[COMRAM] unsigned char 
   193 ;; Return value:  Size  Location     Type
   194 ;;                  1    wreg      void 
   195 ;; Registers used:
   196 ;;		wreg, fsr1l, fsr1h, fsr2l, fsr2h, status,2, status,0, tblptrl, tblptrh, tblptru, cstack
   197 ;; Tracked objects:
   198 ;;		On entry : 0/0
   199 ;;		On exit  : 0/0
   200 ;;		Unchanged: 0/0
   201 ;; Data sizes:     COMRAM   BANK0   BANK1   BANK2   BANK3
   202 ;;      Params:         0       0       0       0       0
   203 ;;      Locals:         1       0       0       0       0
   204 ;;      Temps:          2       0       0       0       0
   205 ;;      Totals:         3       0       0       0       0
   206 ;;Total ram usage:        3 bytes
   207 ;; Hardware stack levels required when called: 5
   208 ;; This function calls:
   209 ;;		_printf
   210 ;; This function is called by:
   211 ;;		Startup code after reset
   212 ;; This function uses a non-reentrant model
   213 ;;
   214                           
   215                           	psect	text0
   216   003E86                     __ptext0:
   217                           	callstack 0
   218   003E86                     _main:
   219                           	callstack 26
   220   003E86                     
   221                           ;main.c: 62:     TRISA5=0;
   222   003E86  9A87               	bcf	3975,5,c	;volatile
   223   003E88                     l875:
   224                           
   225                           ;main.c: 63:     uint8_t counter=0;
   226   003E88  0E00               	movlw	0
   227   003E8A  6E43               	movwf	main@counter^0,c
   228   003E8C                     l877:
   229                           
   230                           ;main.c: 65:     {;main.c: 67:       LATA5 = 1;
   231   003E8C  8A82               	bsf	3970,5,c	;volatile
   232   003E8E                     
   233                           ;main.c: 68:       _delay((unsigned long)((500)*(32000000/4000.0)));
   234   003E8E  0E15               	movlw	21
   235   003E90  6E42               	movwf	(??_main+1)^0,c
   236   003E92  0E4B               	movlw	75
   237   003E94  6E41               	movwf	??_main^0,c
   238   003E96  0EBE               	movlw	190
   239   003E98                     u157:
   240   003E98  2EE8               	decfsz	wreg,f,c
   241   003E9A  D7FE               	bra	u157
   242   003E9C  2E41               	decfsz	??_main^0,f,c
   243   003E9E  D7FC               	bra	u157
   244   003EA0  2E42               	decfsz	(??_main+1)^0,f,c
   245   003EA2  D7FA               	bra	u157
   246   003EA4  D000               	nop2	
   247   003EA6                     
   248                           ;main.c: 69:       printf("");
   249   003EA6  0E05               	movlw	low STR_1
   250   003EA8  6E3D               	movwf	printf@fmt^0,c
   251   003EAA  0E15               	movlw	high STR_1
   252   003EAC  6E3E               	movwf	(printf@fmt+1)^0,c
   253   003EAE  EC09  F01F         	call	_printf	;wreg free
   254   003EB2                     
   255                           ;main.c: 70:       LATA5 = 0;
   256   003EB2  9A82               	bcf	3970,5,c	;volatile
   257   003EB4                     
   258                           ;main.c: 71:       _delay((unsigned long)((500)*(32000000/4000.0)));
   259   003EB4  0E15               	movlw	21
   260   003EB6  6E42               	movwf	(??_main+1)^0,c
   261   003EB8  0E4B               	movlw	75
   262   003EBA  6E41               	movwf	??_main^0,c
   263   003EBC  0EBE               	movlw	190
   264   003EBE                     u167:
   265   003EBE  2EE8               	decfsz	wreg,f,c
   266   003EC0  D7FE               	bra	u167
   267   003EC2  2E41               	decfsz	??_main^0,f,c
   268   003EC4  D7FC               	bra	u167
   269   003EC6  2E42               	decfsz	(??_main+1)^0,f,c
   270   003EC8  D7FA               	bra	u167
   271   003ECA  D000               	nop2	
   272   003ECC                     
   273                           ;main.c: 73:       counter++;
   274   003ECC  2A43               	incf	main@counter^0,f,c
   275   003ECE                     
   276                           ;main.c: 75:       if(counter == 3)
   277   003ECE  0E03               	movlw	3
   278   003ED0  1843               	xorwf	main@counter^0,w,c
   279   003ED2  A4D8               	btfss	status,2,c
   280   003ED4  EF6E  F01F         	goto	u141
   281   003ED8  EF70  F01F         	goto	u140
   282   003EDC                     u141:
   283   003EDC  EF46  F01F         	goto	l877
   284   003EE0                     u140:
   285   003EE0  EF80 F002          	goto	1280	;# 
   286   003EE4  EF44  F01F         	goto	l875
   287   003EE8  EF80  F00A         	goto	start
   288   003EEC                     __end_of_main:
   289                           	callstack 0
   290                           
   291 ;; *************** function _printf *****************
   292 ;; Defined at:
   293 ;;		line 5 in file "C:\Program Files\Microchip\xc8\v2.40\pic\sources\c99\common\printf.c"
   294 ;; Parameters:    Size  Location     Type
   295 ;;  fmt             2   23[COMRAM] PTR const unsigned char 
   296 ;;		 -> STR_1(1), 
   297 ;; Auto vars:     Size  Location     Type
   298 ;;  ap              2   25[COMRAM] PTR void [1]
   299 ;;		 -> ?_printf(2), 
   300 ;;  ret             2    0        int 
   301 ;; Return value:  Size  Location     Type
   302 ;;                  2   23[COMRAM] int 
   303 ;; Registers used:
   304 ;;		wreg, fsr1l, fsr1h, fsr2l, fsr2h, status,2, status,0, tblptrl, tblptrh, tblptru, cstack
   305 ;; Tracked objects:
   306 ;;		On entry : 0/0
   307 ;;		On exit  : 0/0
   308 ;;		Unchanged: 0/0
   309 ;; Data sizes:     COMRAM   BANK0   BANK1   BANK2   BANK3
   310 ;;      Params:         2       0       0       0       0
   311 ;;      Locals:         2       0       0       0       0
   312 ;;      Temps:          0       0       0       0       0
   313 ;;      Totals:         4       0       0       0       0
   314 ;;Total ram usage:        4 bytes
   315 ;; Hardware stack levels used: 1
   316 ;; Hardware stack levels required when called: 4
   317 ;; This function calls:
   318 ;;		_vfprintf
   319 ;; This function is called by:
   320 ;;		_main
   321 ;; This function uses a non-reentrant model
   322 ;;
   323                           
   324                           	psect	text1
   325   003E12                     __ptext1:
   326                           	callstack 0
   327   003E12                     _printf:
   328                           	callstack 26
   329   003E12  0E3F               	movlw	low (?_printf+2)
   330   003E14  6E3F               	movwf	printf@ap^0,c
   331   003E16  0E00               	movlw	high (?_printf+2)
   332   003E18  6E40               	movwf	(printf@ap+1)^0,c
   333   003E1A  0E00               	movlw	0
   334   003E1C  6E35               	movwf	vfprintf@fp^0,c
   335   003E1E  0E00               	movlw	0
   336   003E20  6E36               	movwf	(vfprintf@fp+1)^0,c
   337   003E22  C03D  F037         	movff	printf@fmt,vfprintf@fmt
   338   003E26  C03E  F038         	movff	printf@fmt+1,vfprintf@fmt+1
   339   003E2A  0E3F               	movlw	low printf@ap
   340   003E2C  6E39               	movwf	vfprintf@ap^0,c
   341   003E2E  0E00               	movlw	high printf@ap
   342   003E30  6E3A               	movwf	(vfprintf@ap+1)^0,c
   343   003E32  EC1C  F01F         	call	_vfprintf	;wreg free
   344   003E36  0012               	return		;funcret
   345   003E38                     __end_of_printf:
   346                           	callstack 0
   347                           
   348 ;; *************** function _vfprintf *****************
   349 ;; Defined at:
   350 ;;		line 1520 in file "C:\Program Files\Microchip\xc8\v2.40\pic\sources\c99\common\doprnt.c"
   351 ;; Parameters:    Size  Location     Type
   352 ;;  fp              2   15[COMRAM] PTR struct _IO_FILE
   353 ;;		 -> NULL(0), 
   354 ;;  fmt             2   17[COMRAM] PTR const unsigned char 
   355 ;;		 -> STR_1(1), 
   356 ;;  ap              2   19[COMRAM] PTR PTR void 
   357 ;;		 -> printf@ap(2), 
   358 ;; Auto vars:     Size  Location     Type
   359 ;;  cfmt            2   21[COMRAM] PTR unsigned char 
   360 ;;		 -> STR_1(1), 
   361 ;; Return value:  Size  Location     Type
   362 ;;                  2   15[COMRAM] int 
   363 ;; Registers used:
   364 ;;		wreg, fsr1l, fsr1h, fsr2l, fsr2h, status,2, status,0, tblptrl, tblptrh, tblptru, cstack
   365 ;; Tracked objects:
   366 ;;		On entry : 0/0
   367 ;;		On exit  : 0/0
   368 ;;		Unchanged: 0/0
   369 ;; Data sizes:     COMRAM   BANK0   BANK1   BANK2   BANK3
   370 ;;      Params:         6       0       0       0       0
   371 ;;      Locals:         2       0       0       0       0
   372 ;;      Temps:          0       0       0       0       0
   373 ;;      Totals:         8       0       0       0       0
   374 ;;Total ram usage:        8 bytes
   375 ;; Hardware stack levels used: 1
   376 ;; Hardware stack levels required when called: 3
   377 ;; This function calls:
   378 ;;		_vfpfcnvrt
   379 ;; This function is called by:
   380 ;;		_printf
   381 ;; This function uses a non-reentrant model
   382 ;;
   383                           
   384                           	psect	text2
   385   003E38                     __ptext2:
   386                           	callstack 0
   387   003E38                     _vfprintf:
   388                           	callstack 26
   389   003E38                     
   390                           ;C:\Program Files\Microchip\xc8\v2.40\pic\sources\c99\common\doprnt.c: 1520: int vfprint
      +                          f(FILE *fp, const char *fmt, va_list ap);C:\Program Files\Microchip\xc8\v2.40\pic\source
      +                          s\c99\common\doprnt.c: 1521: {;C:\Program Files\Microchip\xc8\v2.40\pic\sources\c99\comm
      +                          on\doprnt.c: 1523:     char *cfmt;;C:\Program Files\Microchip\xc8\v2.40\pic\sources\c99\
      +                          common\doprnt.c: 1525:     cfmt = (char *)fmt;
   391   003E38  C037  F03B         	movff	vfprintf@fmt,vfprintf@cfmt
   392   003E3C  C038  F03C         	movff	vfprintf@fmt+1,vfprintf@cfmt+1
   393                           
   394                           ;C:\Program Files\Microchip\xc8\v2.40\pic\sources\c99\common\doprnt.c: 1529:     while (
      +                          *cfmt) {
   395   003E40  EF30  F01F         	goto	l861
   396   003E44                     l859:
   397                           
   398                           ;C:\Program Files\Microchip\xc8\v2.40\pic\sources\c99\common\doprnt.c: 1533:    vfpfcnvr
      +                          t(fp, &cfmt, ap);
   399   003E44  C035  F02F         	movff	vfprintf@fp,vfpfcnvrt@fp
   400   003E48  C036  F030         	movff	vfprintf@fp+1,vfpfcnvrt@fp+1
   401   003E4C  0E3B               	movlw	low vfprintf@cfmt
   402   003E4E  6E31               	movwf	vfpfcnvrt@fmt^0,c
   403   003E50  0E00               	movlw	high vfprintf@cfmt
   404   003E52  6E32               	movwf	(vfpfcnvrt@fmt+1)^0,c
   405   003E54  C039  F033         	movff	vfprintf@ap,vfpfcnvrt@ap
   406   003E58  C03A  F034         	movff	vfprintf@ap+1,vfpfcnvrt@ap+1
   407   003E5C  EC76  F01F         	call	_vfpfcnvrt	;wreg free
   408   003E60                     l861:
   409                           
   410                           ;C:\Program Files\Microchip\xc8\v2.40\pic\sources\c99\common\doprnt.c: 1529:     while (
      +                          *cfmt) {
   411   003E60  C03B  FFF6         	movff	vfprintf@cfmt,tblptrl
   412   003E64  C03C  FFF7         	movff	vfprintf@cfmt+1,tblptrh
   413   003E68                     	if	0	;tblptru may be non-zero
   414   003E68                     	endif
   415   003E68                     	if	0	;tblptru may be non-zero
   416   003E68                     	endif
   417   003E68  0008               	tblrd		*
   418   003E6A  50F5               	movf	tablat,w,c
   419   003E6C  0900               	iorlw	0
   420   003E6E  A4D8               	btfss	status,2,c
   421   003E70  EF3C  F01F         	goto	u131
   422   003E74  EF3E  F01F         	goto	u130
   423   003E78                     u131:
   424   003E78  EF22  F01F         	goto	l859
   425   003E7C                     u130:
   426   003E7C                     
   427                           ;C:\Program Files\Microchip\xc8\v2.40\pic\sources\c99\common\doprnt.c: 1538:  return 0;
   428   003E7C  0E00               	movlw	0
   429   003E7E  6E36               	movwf	(?_vfprintf+1)^0,c
   430   003E80  0E00               	movlw	0
   431   003E82  6E35               	movwf	?_vfprintf^0,c
   432   003E84  0012               	return		;funcret
   433   003E86                     __end_of_vfprintf:
   434                           	callstack 0
   435                           
   436 ;; *************** function _vfpfcnvrt *****************
   437 ;; Defined at:
   438 ;;		line 1007 in file "C:\Program Files\Microchip\xc8\v2.40\pic\sources\c99\common\doprnt.c"
   439 ;; Parameters:    Size  Location     Type
   440 ;;  fp              2    9[COMRAM] PTR struct _IO_FILE
   441 ;;		 -> NULL(0), 
   442 ;;  fmt             2   11[COMRAM] PTR PTR unsigned char 
   443 ;;		 -> vfprintf@cfmt(2), 
   444 ;;  ap              2   13[COMRAM] PTR PTR void 
   445 ;;		 -> printf@ap(2), 
   446 ;; Auto vars:     Size  Location     Type
   447 ;;  convarg         8    0        struct .
   448 ;;  cp              3    0        PTR unsigned char 
   449 ;;  i               2    0        int 
   450 ;;  done            2    0        int 
   451 ;;  c               1    0        unsigned char 
   452 ;; Return value:  Size  Location     Type
   453 ;;                  1    wreg      void 
   454 ;; Registers used:
   455 ;;		wreg, fsr1l, fsr1h, fsr2l, fsr2h, status,2, status,0, tblptrl, tblptrh, tblptru, cstack
   456 ;; Tracked objects:
   457 ;;		On entry : 0/0
   458 ;;		On exit  : 0/0
   459 ;;		Unchanged: 0/0
   460 ;; Data sizes:     COMRAM   BANK0   BANK1   BANK2   BANK3
   461 ;;      Params:         6       0       0       0       0
   462 ;;      Locals:         0       0       0       0       0
   463 ;;      Temps:          0       0       0       0       0
   464 ;;      Totals:         6       0       0       0       0
   465 ;;Total ram usage:        6 bytes
   466 ;; Hardware stack levels used: 1
   467 ;; Hardware stack levels required when called: 2
   468 ;; This function calls:
   469 ;;		_fputc
   470 ;; This function is called by:
   471 ;;		_vfprintf
   472 ;; This function uses a non-reentrant model
   473 ;;
   474                           
   475                           	psect	text3
   476   003EEC                     __ptext3:
   477                           	callstack 0
   478   003EEC                     _vfpfcnvrt:
   479                           	callstack 26
   480   003EEC                     
   481                           ;C:\Program Files\Microchip\xc8\v2.40\pic\sources\c99\common\doprnt.c: 1007: vfpfcnvrt(F
      +                          ILE *fp, char *fmt[], va_list ap);C:\Program Files\Microchip\xc8\v2.40\pic\sources\c99\c
      +                          ommon\doprnt.c: 1008: {;C:\Program Files\Microchip\xc8\v2.40\pic\sources\c99\common\dopr
      +                          nt.c: 1009:     char c, *cp;;C:\Program Files\Microchip\xc8\v2.40\pic\sources\c99\common
      +                          \doprnt.c: 1010:     int done, i;;C:\Program Files\Microchip\xc8\v2.40\pic\sources\c99\c
      +                          ommon\doprnt.c: 1016:  } convarg;;C:\Program Files\Microchip\xc8\v2.40\pic\sources\c99\c
      +                          ommon\doprnt.c: 1019:     if ((*fmt)[0] == '%') {
   482   003EEC  C031  FFD9         	movff	vfpfcnvrt@fmt,fsr2l
   483   003EF0  C032  FFDA         	movff	vfpfcnvrt@fmt+1,fsr2h
   484   003EF4  CFDE FFF6          	movff	postinc2,tblptrl
   485   003EF8  CFDD FFF7          	movff	postdec2,tblptrh
   486   003EFC                     	if	0	;tblptru may be non-zero
   487   003EFC                     	endif
   488   003EFC                     	if	0	;tblptru may be non-zero
   489   003EFC                     	endif
   490   003EFC  0008               	tblrd		*
   491   003EFE  50F5               	movf	tablat,w,c
   492   003F00  0A25               	xorlw	37
   493   003F02  A4D8               	btfss	status,2,c
   494   003F04  EF86  F01F         	goto	u121
   495   003F08  EF88  F01F         	goto	u120
   496   003F0C                     u121:
   497   003F0C  EFA0  F01F         	goto	l851
   498   003F10                     u120:
   499   003F10                     
   500                           ;C:\Program Files\Microchip\xc8\v2.40\pic\sources\c99\common\doprnt.c: 1020:         ++*
      +                          fmt;
   501   003F10  C031  FFD9         	movff	vfpfcnvrt@fmt,fsr2l
   502   003F14  C032  FFDA         	movff	vfpfcnvrt@fmt+1,fsr2h
   503   003F18  2ADE               	incf	postinc2,f,c
   504   003F1A  0E00               	movlw	0
   505   003F1C  22DD               	addwfc	postdec2,f,c
   506   003F1E                     
   507                           ;C:\Program Files\Microchip\xc8\v2.40\pic\sources\c99\common\doprnt.c: 1022:         fla
      +                          gs = width = 0;
   508   003F1E  0E00               	movlw	0
   509   003F20  6E22               	movwf	(_width+1)^0,c
   510   003F22  0E00               	movlw	0
   511   003F24  6E21               	movwf	_width^0,c
   512   003F26  C021  F025         	movff	_width,_flags
   513   003F2A                     
   514                           ;C:\Program Files\Microchip\xc8\v2.40\pic\sources\c99\common\doprnt.c: 1023:         pre
      +                          c = -1;
   515   003F2A  6823               	setf	_prec^0,c
   516   003F2C  6824               	setf	(_prec+1)^0,c
   517   003F2E                     l847:
   518                           
   519                           ;C:\Program Files\Microchip\xc8\v2.40\pic\sources\c99\common\doprnt.c: 1509:         ++*
      +                          fmt;
   520   003F2E  C031  FFD9         	movff	vfpfcnvrt@fmt,fsr2l
   521   003F32  C032  FFDA         	movff	vfpfcnvrt@fmt+1,fsr2h
   522   003F36  2ADE               	incf	postinc2,f,c
   523   003F38  0E00               	movlw	0
   524   003F3A  22DD               	addwfc	postdec2,f,c
   525   003F3C  EFB4  F01F         	goto	l724
   526   003F40                     l851:
   527                           
   528                           ;C:\Program Files\Microchip\xc8\v2.40\pic\sources\c99\common\doprnt.c: 1514:     fputc((
      +                          int)(*fmt)[0], fp);
   529   003F40  C031  FFD9         	movff	vfpfcnvrt@fmt,fsr2l
   530   003F44  C032  FFDA         	movff	vfpfcnvrt@fmt+1,fsr2h
   531   003F48  CFDE FFF6          	movff	postinc2,tblptrl
   532   003F4C  CFDD FFF7          	movff	postdec2,tblptrh
   533   003F50                     	if	0	;tblptru may be non-zero
   534   003F50                     	endif
   535   003F50                     	if	0	;tblptru may be non-zero
   536   003F50                     	endif
   537   003F50  0008               	tblrd		*
   538   003F52  50F5               	movf	tablat,w,c
   539   003F54  6E26               	movwf	fputc@c^0,c
   540   003F56  6A27               	clrf	(fputc@c+1)^0,c
   541   003F58  C02F  F028         	movff	vfpfcnvrt@fp,fputc@fp
   542   003F5C  C030  F029         	movff	vfpfcnvrt@fp+1,fputc@fp+1
   543   003F60  ECB5  F01F         	call	_fputc	;wreg free
   544   003F64  EF97  F01F         	goto	l847
   545   003F68                     l724:
   546   003F68  0012               	return		;funcret
   547   003F6A                     __end_of_vfpfcnvrt:
   548                           	callstack 0
   549                           
   550 ;; *************** function _fputc *****************
   551 ;; Defined at:
   552 ;;		line 8 in file "C:\Program Files\Microchip\xc8\v2.40\pic\sources\c99\common\nf_fputc.c"
   553 ;; Parameters:    Size  Location     Type
   554 ;;  c               2    0[COMRAM] int 
   555 ;;  fp              2    2[COMRAM] PTR struct _IO_FILE
   556 ;;		 -> NULL(0), 
   557 ;; Auto vars:     Size  Location     Type
   558 ;;		None
   559 ;; Return value:  Size  Location     Type
   560 ;;                  2    0[COMRAM] int 
   561 ;; Registers used:
   562 ;;		wreg, fsr1l, fsr1h, fsr2l, fsr2h, status,2, status,0, cstack
   563 ;; Tracked objects:
   564 ;;		On entry : 0/0
   565 ;;		On exit  : 0/0
   566 ;;		Unchanged: 0/0
   567 ;; Data sizes:     COMRAM   BANK0   BANK1   BANK2   BANK3
   568 ;;      Params:         4       0       0       0       0
   569 ;;      Locals:         0       0       0       0       0
   570 ;;      Temps:          5       0       0       0       0
   571 ;;      Totals:         9       0       0       0       0
   572 ;;Total ram usage:        9 bytes
   573 ;; Hardware stack levels used: 1
   574 ;; Hardware stack levels required when called: 1
   575 ;; This function calls:
   576 ;;		_putch
   577 ;; This function is called by:
   578 ;;		_vfpfcnvrt
   579 ;; This function uses a non-reentrant model
   580 ;;
   581                           
   582                           	psect	text4
   583   003F6A                     __ptext4:
   584                           	callstack 0
   585   003F6A                     _fputc:
   586                           	callstack 26
   587   003F6A  5028               	movf	fputc@fp^0,w,c
   588   003F6C  1029               	iorwf	(fputc@fp+1)^0,w,c
   589   003F6E  B4D8               	btfsc	status,2,c
   590   003F70  EFBC  F01F         	goto	u81
   591   003F74  EFBE  F01F         	goto	u80
   592   003F78                     u81:
   593   003F78  EFC7  F01F         	goto	l829
   594   003F7C                     u80:
   595   003F7C  5028               	movf	fputc@fp^0,w,c
   596   003F7E  1029               	iorwf	(fputc@fp+1)^0,w,c
   597   003F80  A4D8               	btfss	status,2,c
   598   003F82  EFC5  F01F         	goto	u91
   599   003F86  EFC7  F01F         	goto	u90
   600   003F8A                     u91:
   601   003F8A  EFCC  F01F         	goto	l831
   602   003F8E                     u90:
   603   003F8E                     l829:
   604   003F8E  5026               	movf	fputc@c^0,w,c
   605   003F90  ECFB  F01E         	call	_putch
   606   003F94  EFFF  F01F         	goto	l742
   607   003F98                     l831:
   608   003F98  EE20 F009          	lfsr	2,9
   609   003F9C  5028               	movf	fputc@fp^0,w,c
   610   003F9E  26D9               	addwf	fsr2l,f,c
   611   003FA0  5029               	movf	(fputc@fp+1)^0,w,c
   612   003FA2  22DA               	addwfc	fsr2h,f,c
   613   003FA4  50DE               	movf	postinc2,w,c
   614   003FA6  10DE               	iorwf	postinc2,w,c
   615   003FA8  B4D8               	btfsc	status,2,c
   616   003FAA  EFD9  F01F         	goto	u101
   617   003FAE  EFDB  F01F         	goto	u100
   618   003FB2                     u101:
   619   003FB2  EFF6  F01F         	goto	l835
   620   003FB6                     u100:
   621   003FB6  EE20 F009          	lfsr	2,9
   622   003FBA  5028               	movf	fputc@fp^0,w,c
   623   003FBC  26D9               	addwf	fsr2l,f,c
   624   003FBE  5029               	movf	(fputc@fp+1)^0,w,c
   625   003FC0  22DA               	addwfc	fsr2h,f,c
   626   003FC2  EE10 F003          	lfsr	1,3
   627   003FC6  5028               	movf	fputc@fp^0,w,c
   628   003FC8  26E1               	addwf	fsr1l,f,c
   629   003FCA  5029               	movf	(fputc@fp+1)^0,w,c
   630   003FCC  22E2               	addwfc	fsr1h,f,c
   631   003FCE  50DE               	movf	postinc2,w,c
   632   003FD0  5CE6               	subwf	postinc1,w,c
   633   003FD2  50E6               	movf	postinc1,w,c
   634   003FD4  0A80               	xorlw	128
   635   003FD6  6E2E               	movwf	(??_fputc+4)^0,c
   636   003FD8  50DE               	movf	postinc2,w,c
   637   003FDA  0A80               	xorlw	128
   638   003FDC  582E               	subwfb	(??_fputc+4)^0,w,c
   639   003FDE  B0D8               	btfsc	status,0,c
   640   003FE0  EFF4  F01F         	goto	u111
   641   003FE4  EFF6  F01F         	goto	u110
   642   003FE8                     u111:
   643   003FE8  EFFF  F01F         	goto	l742
   644   003FEC                     u110:
   645   003FEC                     l835:
   646   003FEC  EE20 F003          	lfsr	2,3
   647   003FF0  5028               	movf	fputc@fp^0,w,c
   648   003FF2  26D9               	addwf	fsr2l,f,c
   649   003FF4  5029               	movf	(fputc@fp+1)^0,w,c
   650   003FF6  22DA               	addwfc	fsr2h,f,c
   651   003FF8  2ADE               	incf	postinc2,f,c
   652   003FFA  0E00               	movlw	0
   653   003FFC  22DD               	addwfc	postdec2,f,c
   654   003FFE                     l742:
   655   003FFE  0012               	return		;funcret
   656   004000                     __end_of_fputc:
   657                           	callstack 0
   658                           
   659 ;; *************** function _putch *****************
   660 ;; Defined at:
   661 ;;		line 7 in file "C:\Program Files\Microchip\xc8\v2.40\pic\sources\c99\common\putch.c"
   662 ;; Parameters:    Size  Location     Type
   663 ;;  c               1    wreg     unsigned char 
   664 ;; Auto vars:     Size  Location     Type
   665 ;;  c               1    0[COMRAM] unsigned char 
   666 ;; Return value:  Size  Location     Type
   667 ;;                  1    wreg      void 
   668 ;; Registers used:
   669 ;;		wreg
   670 ;; Tracked objects:
   671 ;;		On entry : 0/0
   672 ;;		On exit  : 0/0
   673 ;;		Unchanged: 0/0
   674 ;; Data sizes:     COMRAM   BANK0   BANK1   BANK2   BANK3
   675 ;;      Params:         0       0       0       0       0
   676 ;;      Locals:         0       0       0       0       0
   677 ;;      Temps:          0       0       0       0       0
   678 ;;      Totals:         0       0       0       0       0
   679 ;;Total ram usage:        0 bytes
   680 ;; Hardware stack levels used: 1
   681 ;; This function calls:
   682 ;;		Nothing
   683 ;; This function is called by:
   684 ;;		_fputc
   685 ;; This function uses a non-reentrant model
   686 ;;
   687                           
   688                           	psect	text5
   689   003DF6                     __ptext5:
   690                           	callstack 0
   691   003DF6                     _putch:
   692                           	callstack 26
   693   003DF6  0012               	return		;funcret
   694   003DF8                     __end_of_putch:
   695                           	callstack 0
   696                           
   697                           	psect	rparam
   698   000000                     
   699                           	psect	idloc
   700                           
   701                           ;Config register IDLOC0 @ 0x200000
   702                           ;	unspecified, using default values
   703   200000                     	org	2097152
   704   200000  FFFF               	dw	65535
   705                           
   706                           ;Config register IDLOC1 @ 0x200002
   707                           ;	unspecified, using default values
   708   200002                     	org	2097154
   709   200002  FFFF               	dw	65535
   710                           
   711                           ;Config register IDLOC2 @ 0x200004
   712                           ;	unspecified, using default values
   713   200004                     	org	2097156
   714   200004  FFFF               	dw	65535
   715                           
   716                           ;Config register IDLOC3 @ 0x200006
   717                           ;	unspecified, using default values
   718   200006                     	org	2097158
   719   200006  FFFF               	dw	65535
   720                           
   721                           ;Config register IDLOC4 @ 0x200008
   722                           ;	unspecified, using default values
   723   200008                     	org	2097160
   724   200008  FFFF               	dw	65535
   725                           
   726                           ;Config register IDLOC5 @ 0x20000A
   727                           ;	unspecified, using default values
   728   20000A                     	org	2097162
   729   20000A  FFFF               	dw	65535
   730                           
   731                           ;Config register IDLOC6 @ 0x20000C
   732                           ;	unspecified, using default values
   733   20000C                     	org	2097164
   734   20000C  FFFF               	dw	65535
   735                           
   736                           ;Config register IDLOC7 @ 0x20000E
   737                           ;	unspecified, using default values
   738   20000E                     	org	2097166
   739   20000E  FFFF               	dw	65535
   740                           
   741                           ;Config register IDLOC8 @ 0x200010
   742                           ;	unspecified, using default values
   743   200010                     	org	2097168
   744   200010  FFFF               	dw	65535
   745                           
   746                           ;Config register IDLOC9 @ 0x200012
   747                           ;	unspecified, using default values
   748   200012                     	org	2097170
   749   200012  FFFF               	dw	65535
   750                           
   751                           ;Config register IDLOC10 @ 0x200014
   752                           ;	unspecified, using default values
   753   200014                     	org	2097172
   754   200014  FFFF               	dw	65535
   755                           
   756                           ;Config register IDLOC11 @ 0x200016
   757                           ;	unspecified, using default values
   758   200016                     	org	2097174
   759   200016  FFFF               	dw	65535
   760                           
   761                           ;Config register IDLOC12 @ 0x200018
   762                           ;	unspecified, using default values
   763   200018                     	org	2097176
   764   200018  FFFF               	dw	65535
   765                           
   766                           ;Config register IDLOC13 @ 0x20001A
   767                           ;	unspecified, using default values
   768   20001A                     	org	2097178
   769   20001A  FFFF               	dw	65535
   770                           
   771                           ;Config register IDLOC14 @ 0x20001C
   772                           ;	unspecified, using default values
   773   20001C                     	org	2097180
   774   20001C  FFFF               	dw	65535
   775                           
   776                           ;Config register IDLOC15 @ 0x20001E
   777                           ;	unspecified, using default values
   778   20001E                     	org	2097182
   779   20001E  FFFF               	dw	65535
   780                           
   781                           ;Config register IDLOC16 @ 0x200020
   782                           ;	unspecified, using default values
   783   200020                     	org	2097184
   784   200020  FFFF               	dw	65535
   785                           
   786                           ;Config register IDLOC17 @ 0x200022
   787                           ;	unspecified, using default values
   788   200022                     	org	2097186
   789   200022  FFFF               	dw	65535
   790                           
   791                           ;Config register IDLOC18 @ 0x200024
   792                           ;	unspecified, using default values
   793   200024                     	org	2097188
   794   200024  FFFF               	dw	65535
   795                           
   796                           ;Config register IDLOC19 @ 0x200026
   797                           ;	unspecified, using default values
   798   200026                     	org	2097190
   799   200026  FFFF               	dw	65535
   800                           
   801                           ;Config register IDLOC20 @ 0x200028
   802                           ;	unspecified, using default values
   803   200028                     	org	2097192
   804   200028  FFFF               	dw	65535
   805                           
   806                           ;Config register IDLOC21 @ 0x20002A
   807                           ;	unspecified, using default values
   808   20002A                     	org	2097194
   809   20002A  FFFF               	dw	65535
   810                           
   811                           ;Config register IDLOC22 @ 0x20002C
   812                           ;	unspecified, using default values
   813   20002C                     	org	2097196
   814   20002C  FFFF               	dw	65535
   815                           
   816                           ;Config register IDLOC23 @ 0x20002E
   817                           ;	unspecified, using default values
   818   20002E                     	org	2097198
   819   20002E  FFFF               	dw	65535
   820                           
   821                           ;Config register IDLOC24 @ 0x200030
   822                           ;	unspecified, using default values
   823   200030                     	org	2097200
   824   200030  FFFF               	dw	65535
   825                           
   826                           ;Config register IDLOC25 @ 0x200032
   827                           ;	unspecified, using default values
   828   200032                     	org	2097202
   829   200032  FFFF               	dw	65535
   830                           
   831                           ;Config register IDLOC26 @ 0x200034
   832                           ;	unspecified, using default values
   833   200034                     	org	2097204
   834   200034  FFFF               	dw	65535
   835                           
   836                           ;Config register IDLOC27 @ 0x200036
   837                           ;	unspecified, using default values
   838   200036                     	org	2097206
   839   200036  FFFF               	dw	65535
   840                           
   841                           ;Config register IDLOC28 @ 0x200038
   842                           ;	unspecified, using default values
   843   200038                     	org	2097208
   844   200038  FFFF               	dw	65535
   845                           
   846                           ;Config register IDLOC29 @ 0x20003A
   847                           ;	unspecified, using default values
   848   20003A                     	org	2097210
   849   20003A  FFFF               	dw	65535
   850                           
   851                           ;Config register IDLOC30 @ 0x20003C
   852                           ;	unspecified, using default values
   853   20003C                     	org	2097212
   854   20003C  FFFF               	dw	65535
   855                           
   856                           ;Config register IDLOC31 @ 0x20003E
   857                           ;	unspecified, using default values
   858   20003E                     	org	2097214
   859   20003E  FFFF               	dw	65535
   860                           
   861                           ;Config register IDLOC32 @ 0x200040
   862                           ;	unspecified, using default values
   863   200040                     	org	2097216
   864   200040  FFFF               	dw	65535
   865                           
   866                           ;Config register IDLOC33 @ 0x200042
   867                           ;	unspecified, using default values
   868   200042                     	org	2097218
   869   200042  FFFF               	dw	65535
   870                           
   871                           ;Config register IDLOC34 @ 0x200044
   872                           ;	unspecified, using default values
   873   200044                     	org	2097220
   874   200044  FFFF               	dw	65535
   875                           
   876                           ;Config register IDLOC35 @ 0x200046
   877                           ;	unspecified, using default values
   878   200046                     	org	2097222
   879   200046  FFFF               	dw	65535
   880                           
   881                           ;Config register IDLOC36 @ 0x200048
   882                           ;	unspecified, using default values
   883   200048                     	org	2097224
   884   200048  FFFF               	dw	65535
   885                           
   886                           ;Config register IDLOC37 @ 0x20004A
   887                           ;	unspecified, using default values
   888   20004A                     	org	2097226
   889   20004A  FFFF               	dw	65535
   890                           
   891                           ;Config register IDLOC38 @ 0x20004C
   892                           ;	unspecified, using default values
   893   20004C                     	org	2097228
   894   20004C  FFFF               	dw	65535
   895                           
   896                           ;Config register IDLOC39 @ 0x20004E
   897                           ;	unspecified, using default values
   898   20004E                     	org	2097230
   899   20004E  FFFF               	dw	65535
   900                           
   901                           ;Config register IDLOC40 @ 0x200050
   902                           ;	unspecified, using default values
   903   200050                     	org	2097232
   904   200050  FFFF               	dw	65535
   905                           
   906                           ;Config register IDLOC41 @ 0x200052
   907                           ;	unspecified, using default values
   908   200052                     	org	2097234
   909   200052  FFFF               	dw	65535
   910                           
   911                           ;Config register IDLOC42 @ 0x200054
   912                           ;	unspecified, using default values
   913   200054                     	org	2097236
   914   200054  FFFF               	dw	65535
   915                           
   916                           ;Config register IDLOC43 @ 0x200056
   917                           ;	unspecified, using default values
   918   200056                     	org	2097238
   919   200056  FFFF               	dw	65535
   920                           
   921                           ;Config register IDLOC44 @ 0x200058
   922                           ;	unspecified, using default values
   923   200058                     	org	2097240
   924   200058  FFFF               	dw	65535
   925                           
   926                           ;Config register IDLOC45 @ 0x20005A
   927                           ;	unspecified, using default values
   928   20005A                     	org	2097242
   929   20005A  FFFF               	dw	65535
   930                           
   931                           ;Config register IDLOC46 @ 0x20005C
   932                           ;	unspecified, using default values
   933   20005C                     	org	2097244
   934   20005C  FFFF               	dw	65535
   935                           
   936                           ;Config register IDLOC47 @ 0x20005E
   937                           ;	unspecified, using default values
   938   20005E                     	org	2097246
   939   20005E  FFFF               	dw	65535
   940                           
   941                           ;Config register IDLOC48 @ 0x200060
   942                           ;	unspecified, using default values
   943   200060                     	org	2097248
   944   200060  FFFF               	dw	65535
   945                           
   946                           ;Config register IDLOC49 @ 0x200062
   947                           ;	unspecified, using default values
   948   200062                     	org	2097250
   949   200062  FFFF               	dw	65535
   950                           
   951                           ;Config register IDLOC50 @ 0x200064
   952                           ;	unspecified, using default values
   953   200064                     	org	2097252
   954   200064  FFFF               	dw	65535
   955                           
   956                           ;Config register IDLOC51 @ 0x200066
   957                           ;	unspecified, using default values
   958   200066                     	org	2097254
   959   200066  FFFF               	dw	65535
   960                           
   961                           ;Config register IDLOC52 @ 0x200068
   962                           ;	unspecified, using default values
   963   200068                     	org	2097256
   964   200068  FFFF               	dw	65535
   965                           
   966                           ;Config register IDLOC53 @ 0x20006A
   967                           ;	unspecified, using default values
   968   20006A                     	org	2097258
   969   20006A  FFFF               	dw	65535
   970                           
   971                           ;Config register IDLOC54 @ 0x20006C
   972                           ;	unspecified, using default values
   973   20006C                     	org	2097260
   974   20006C  FFFF               	dw	65535
   975                           
   976                           ;Config register IDLOC55 @ 0x20006E
   977                           ;	unspecified, using default values
   978   20006E                     	org	2097262
   979   20006E  FFFF               	dw	65535
   980                           
   981                           ;Config register IDLOC56 @ 0x200070
   982                           ;	unspecified, using default values
   983   200070                     	org	2097264
   984   200070  FFFF               	dw	65535
   985                           
   986                           ;Config register IDLOC57 @ 0x200072
   987                           ;	unspecified, using default values
   988   200072                     	org	2097266
   989   200072  FFFF               	dw	65535
   990                           
   991                           ;Config register IDLOC58 @ 0x200074
   992                           ;	unspecified, using default values
   993   200074                     	org	2097268
   994   200074  FFFF               	dw	65535
   995                           
   996                           ;Config register IDLOC59 @ 0x200076
   997                           ;	unspecified, using default values
   998   200076                     	org	2097270
   999   200076  FFFF               	dw	65535
  1000                           
  1001                           ;Config register IDLOC60 @ 0x200078
  1002                           ;	unspecified, using default values
  1003   200078                     	org	2097272
  1004   200078  FFFF               	dw	65535
  1005                           
  1006                           ;Config register IDLOC61 @ 0x20007A
  1007                           ;	unspecified, using default values
  1008   20007A                     	org	2097274
  1009   20007A  FFFF               	dw	65535
  1010                           
  1011                           ;Config register IDLOC62 @ 0x20007C
  1012                           ;	unspecified, using default values
  1013   20007C                     	org	2097276
  1014   20007C  FFFF               	dw	65535
  1015                           
  1016                           ;Config register IDLOC63 @ 0x20007E
  1017                           ;	unspecified, using default values
  1018   20007E                     	org	2097278
  1019   20007E  FFFF               	dw	65535
  1020                           
  1021                           ;Config register IDLOC64 @ 0x200080
  1022                           ;	unspecified, using default values
  1023   200080                     	org	2097280
  1024   200080  FFFF               	dw	65535
  1025                           
  1026                           ;Config register IDLOC65 @ 0x200082
  1027                           ;	unspecified, using default values
  1028   200082                     	org	2097282
  1029   200082  FFFF               	dw	65535
  1030                           
  1031                           ;Config register IDLOC66 @ 0x200084
  1032                           ;	unspecified, using default values
  1033   200084                     	org	2097284
  1034   200084  FFFF               	dw	65535
  1035                           
  1036                           ;Config register IDLOC67 @ 0x200086
  1037                           ;	unspecified, using default values
  1038   200086                     	org	2097286
  1039   200086  FFFF               	dw	65535
  1040                           
  1041                           ;Config register IDLOC68 @ 0x200088
  1042                           ;	unspecified, using default values
  1043   200088                     	org	2097288
  1044   200088  FFFF               	dw	65535
  1045                           
  1046                           ;Config register IDLOC69 @ 0x20008A
  1047                           ;	unspecified, using default values
  1048   20008A                     	org	2097290
  1049   20008A  FFFF               	dw	65535
  1050                           
  1051                           ;Config register IDLOC70 @ 0x20008C
  1052                           ;	unspecified, using default values
  1053   20008C                     	org	2097292
  1054   20008C  FFFF               	dw	65535
  1055                           
  1056                           ;Config register IDLOC71 @ 0x20008E
  1057                           ;	unspecified, using default values
  1058   20008E                     	org	2097294
  1059   20008E  FFFF               	dw	65535
  1060                           
  1061                           ;Config register IDLOC72 @ 0x200090
  1062                           ;	unspecified, using default values
  1063   200090                     	org	2097296
  1064   200090  FFFF               	dw	65535
  1065                           
  1066                           ;Config register IDLOC73 @ 0x200092
  1067                           ;	unspecified, using default values
  1068   200092                     	org	2097298
  1069   200092  FFFF               	dw	65535
  1070                           
  1071                           ;Config register IDLOC74 @ 0x200094
  1072                           ;	unspecified, using default values
  1073   200094                     	org	2097300
  1074   200094  FFFF               	dw	65535
  1075                           
  1076                           ;Config register IDLOC75 @ 0x200096
  1077                           ;	unspecified, using default values
  1078   200096                     	org	2097302
  1079   200096  FFFF               	dw	65535
  1080                           
  1081                           ;Config register IDLOC76 @ 0x200098
  1082                           ;	unspecified, using default values
  1083   200098                     	org	2097304
  1084   200098  FFFF               	dw	65535
  1085                           
  1086                           ;Config register IDLOC77 @ 0x20009A
  1087                           ;	unspecified, using default values
  1088   20009A                     	org	2097306
  1089   20009A  FFFF               	dw	65535
  1090                           
  1091                           ;Config register IDLOC78 @ 0x20009C
  1092                           ;	unspecified, using default values
  1093   20009C                     	org	2097308
  1094   20009C  FFFF               	dw	65535
  1095                           
  1096                           ;Config register IDLOC79 @ 0x20009E
  1097                           ;	unspecified, using default values
  1098   20009E                     	org	2097310
  1099   20009E  FFFF               	dw	65535
  1100                           
  1101                           ;Config register IDLOC80 @ 0x2000A0
  1102                           ;	unspecified, using default values
  1103   2000A0                     	org	2097312
  1104   2000A0  FFFF               	dw	65535
  1105                           
  1106                           ;Config register IDLOC81 @ 0x2000A2
  1107                           ;	unspecified, using default values
  1108   2000A2                     	org	2097314
  1109   2000A2  FFFF               	dw	65535
  1110                           
  1111                           ;Config register IDLOC82 @ 0x2000A4
  1112                           ;	unspecified, using default values
  1113   2000A4                     	org	2097316
  1114   2000A4  FFFF               	dw	65535
  1115                           
  1116                           ;Config register IDLOC83 @ 0x2000A6
  1117                           ;	unspecified, using default values
  1118   2000A6                     	org	2097318
  1119   2000A6  FFFF               	dw	65535
  1120                           
  1121                           ;Config register IDLOC84 @ 0x2000A8
  1122                           ;	unspecified, using default values
  1123   2000A8                     	org	2097320
  1124   2000A8  FFFF               	dw	65535
  1125                           
  1126                           ;Config register IDLOC85 @ 0x2000AA
  1127                           ;	unspecified, using default values
  1128   2000AA                     	org	2097322
  1129   2000AA  FFFF               	dw	65535
  1130                           
  1131                           ;Config register IDLOC86 @ 0x2000AC
  1132                           ;	unspecified, using default values
  1133   2000AC                     	org	2097324
  1134   2000AC  FFFF               	dw	65535
  1135                           
  1136                           ;Config register IDLOC87 @ 0x2000AE
  1137                           ;	unspecified, using default values
  1138   2000AE                     	org	2097326
  1139   2000AE  FFFF               	dw	65535
  1140                           
  1141                           ;Config register IDLOC88 @ 0x2000B0
  1142                           ;	unspecified, using default values
  1143   2000B0                     	org	2097328
  1144   2000B0  FFFF               	dw	65535
  1145                           
  1146                           ;Config register IDLOC89 @ 0x2000B2
  1147                           ;	unspecified, using default values
  1148   2000B2                     	org	2097330
  1149   2000B2  FFFF               	dw	65535
  1150                           
  1151                           ;Config register IDLOC90 @ 0x2000B4
  1152                           ;	unspecified, using default values
  1153   2000B4                     	org	2097332
  1154   2000B4  FFFF               	dw	65535
  1155                           
  1156                           ;Config register IDLOC91 @ 0x2000B6
  1157                           ;	unspecified, using default values
  1158   2000B6                     	org	2097334
  1159   2000B6  FFFF               	dw	65535
  1160                           
  1161                           ;Config register IDLOC92 @ 0x2000B8
  1162                           ;	unspecified, using default values
  1163   2000B8                     	org	2097336
  1164   2000B8  FFFF               	dw	65535
  1165                           
  1166                           ;Config register IDLOC93 @ 0x2000BA
  1167                           ;	unspecified, using default values
  1168   2000BA                     	org	2097338
  1169   2000BA  FFFF               	dw	65535
  1170                           
  1171                           ;Config register IDLOC94 @ 0x2000BC
  1172                           ;	unspecified, using default values
  1173   2000BC                     	org	2097340
  1174   2000BC  FFFF               	dw	65535
  1175                           
  1176                           ;Config register IDLOC95 @ 0x2000BE
  1177                           ;	unspecified, using default values
  1178   2000BE                     	org	2097342
  1179   2000BE  FFFF               	dw	65535
  1180                           
  1181                           ;Config register IDLOC96 @ 0x2000C0
  1182                           ;	unspecified, using default values
  1183   2000C0                     	org	2097344
  1184   2000C0  FFFF               	dw	65535
  1185                           
  1186                           ;Config register IDLOC97 @ 0x2000C2
  1187                           ;	unspecified, using default values
  1188   2000C2                     	org	2097346
  1189   2000C2  FFFF               	dw	65535
  1190                           
  1191                           ;Config register IDLOC98 @ 0x2000C4
  1192                           ;	unspecified, using default values
  1193   2000C4                     	org	2097348
  1194   2000C4  FFFF               	dw	65535
  1195                           
  1196                           ;Config register IDLOC99 @ 0x2000C6
  1197                           ;	unspecified, using default values
  1198   2000C6                     	org	2097350
  1199   2000C6  FFFF               	dw	65535
  1200                           
  1201                           ;Config register IDLOC100 @ 0x2000C8
  1202                           ;	unspecified, using default values
  1203   2000C8                     	org	2097352
  1204   2000C8  FFFF               	dw	65535
  1205                           
  1206                           ;Config register IDLOC101 @ 0x2000CA
  1207                           ;	unspecified, using default values
  1208   2000CA                     	org	2097354
  1209   2000CA  FFFF               	dw	65535
  1210                           
  1211                           ;Config register IDLOC102 @ 0x2000CC
  1212                           ;	unspecified, using default values
  1213   2000CC                     	org	2097356
  1214   2000CC  FFFF               	dw	65535
  1215                           
  1216                           ;Config register IDLOC103 @ 0x2000CE
  1217                           ;	unspecified, using default values
  1218   2000CE                     	org	2097358
  1219   2000CE  FFFF               	dw	65535
  1220                           
  1221                           ;Config register IDLOC104 @ 0x2000D0
  1222                           ;	unspecified, using default values
  1223   2000D0                     	org	2097360
  1224   2000D0  FFFF               	dw	65535
  1225                           
  1226                           ;Config register IDLOC105 @ 0x2000D2
  1227                           ;	unspecified, using default values
  1228   2000D2                     	org	2097362
  1229   2000D2  FFFF               	dw	65535
  1230                           
  1231                           ;Config register IDLOC106 @ 0x2000D4
  1232                           ;	unspecified, using default values
  1233   2000D4                     	org	2097364
  1234   2000D4  FFFF               	dw	65535
  1235                           
  1236                           ;Config register IDLOC107 @ 0x2000D6
  1237                           ;	unspecified, using default values
  1238   2000D6                     	org	2097366
  1239   2000D6  FFFF               	dw	65535
  1240                           
  1241                           ;Config register IDLOC108 @ 0x2000D8
  1242                           ;	unspecified, using default values
  1243   2000D8                     	org	2097368
  1244   2000D8  FFFF               	dw	65535
  1245                           
  1246                           ;Config register IDLOC109 @ 0x2000DA
  1247                           ;	unspecified, using default values
  1248   2000DA                     	org	2097370
  1249   2000DA  FFFF               	dw	65535
  1250                           
  1251                           ;Config register IDLOC110 @ 0x2000DC
  1252                           ;	unspecified, using default values
  1253   2000DC                     	org	2097372
  1254   2000DC  FFFF               	dw	65535
  1255                           
  1256                           ;Config register IDLOC111 @ 0x2000DE
  1257                           ;	unspecified, using default values
  1258   2000DE                     	org	2097374
  1259   2000DE  FFFF               	dw	65535
  1260                           
  1261                           ;Config register IDLOC112 @ 0x2000E0
  1262                           ;	unspecified, using default values
  1263   2000E0                     	org	2097376
  1264   2000E0  FFFF               	dw	65535
  1265                           
  1266                           ;Config register IDLOC113 @ 0x2000E2
  1267                           ;	unspecified, using default values
  1268   2000E2                     	org	2097378
  1269   2000E2  FFFF               	dw	65535
  1270                           
  1271                           ;Config register IDLOC114 @ 0x2000E4
  1272                           ;	unspecified, using default values
  1273   2000E4                     	org	2097380
  1274   2000E4  FFFF               	dw	65535
  1275                           
  1276                           ;Config register IDLOC115 @ 0x2000E6
  1277                           ;	unspecified, using default values
  1278   2000E6                     	org	2097382
  1279   2000E6  FFFF               	dw	65535
  1280                           
  1281                           ;Config register IDLOC116 @ 0x2000E8
  1282                           ;	unspecified, using default values
  1283   2000E8                     	org	2097384
  1284   2000E8  FFFF               	dw	65535
  1285                           
  1286                           ;Config register IDLOC117 @ 0x2000EA
  1287                           ;	unspecified, using default values
  1288   2000EA                     	org	2097386
  1289   2000EA  FFFF               	dw	65535
  1290                           
  1291                           ;Config register IDLOC118 @ 0x2000EC
  1292                           ;	unspecified, using default values
  1293   2000EC                     	org	2097388
  1294   2000EC  FFFF               	dw	65535
  1295                           
  1296                           ;Config register IDLOC119 @ 0x2000EE
  1297                           ;	unspecified, using default values
  1298   2000EE                     	org	2097390
  1299   2000EE  FFFF               	dw	65535
  1300                           
  1301                           ;Config register IDLOC120 @ 0x2000F0
  1302                           ;	unspecified, using default values
  1303   2000F0                     	org	2097392
  1304   2000F0  FFFF               	dw	65535
  1305                           
  1306                           ;Config register IDLOC121 @ 0x2000F2
  1307                           ;	unspecified, using default values
  1308   2000F2                     	org	2097394
  1309   2000F2  FFFF               	dw	65535
  1310                           
  1311                           ;Config register IDLOC122 @ 0x2000F4
  1312                           ;	unspecified, using default values
  1313   2000F4                     	org	2097396
  1314   2000F4  FFFF               	dw	65535
  1315                           
  1316                           ;Config register IDLOC123 @ 0x2000F6
  1317                           ;	unspecified, using default values
  1318   2000F6                     	org	2097398
  1319   2000F6  FFFF               	dw	65535
  1320                           
  1321                           ;Config register IDLOC124 @ 0x2000F8
  1322                           ;	unspecified, using default values
  1323   2000F8                     	org	2097400
  1324   2000F8  FFFF               	dw	65535
  1325                           
  1326                           ;Config register IDLOC125 @ 0x2000FA
  1327                           ;	unspecified, using default values
  1328   2000FA                     	org	2097402
  1329   2000FA  FFFF               	dw	65535
  1330                           
  1331                           ;Config register IDLOC126 @ 0x2000FC
  1332                           ;	unspecified, using default values
  1333   2000FC                     	org	2097404
  1334   2000FC  FFFF               	dw	65535
  1335                           
  1336                           ;Config register IDLOC127 @ 0x2000FE
  1337                           ;	unspecified, using default values
  1338   2000FE                     	org	2097406
  1339   2000FE  FFFF               	dw	65535
  1340                           
  1341                           	psect	config
  1342                           
  1343                           ;Config register CONFIG1L @ 0x300000
  1344                           ;	External Oscillator mode Selection bits
  1345                           ;	FEXTOSC = OFF, Oscillator not enabled
  1346                           ;	Power-up default value for COSC bits
  1347                           ;	RSTOSC = HFINTOSC_1MHZ, HFINTOSC with HFFRQ = 4 MHz and CDIV = 4:1
  1348   300000                     	org	3145728
  1349   300000  EC                 	db	236
  1350                           
  1351                           ;Config register CONFIG1H @ 0x300001
  1352                           ;	Clock Out Enable bit
  1353                           ;	CLKOUTEN = OFF, CLKOUT function is disabled
  1354                           ;	Clock Switch Enable bit
  1355                           ;	CSWEN = ON, Writing to NOSC and NDIV is allowed
  1356                           ;	Fail-Safe Clock Monitor Enable bit
  1357                           ;	FCMEN = ON, Fail-Safe Clock Monitor enabled
  1358   300001                     	org	3145729
  1359   300001  FF                 	db	255
  1360                           
  1361                           ;Config register CONFIG2L @ 0x300002
  1362                           ;	Master Clear Enable bit
  1363                           ;	MCLRE = EXTMCLR, MCLR pin (RE3) is MCLR
  1364                           ;	Power-up Timer Enable bit
  1365                           ;	PWRTE = OFF, Power up timer disabled
  1366                           ;	Low-power BOR enable bit
  1367                           ;	LPBOREN = OFF, Low power BOR is disabled
  1368                           ;	Brown-out Reset Enable bits
  1369                           ;	BOREN = SBORDIS, Brown-out Reset enabled , SBOREN bit is ignored
  1370   300002                     	org	3145730
  1371   300002  FF                 	db	255
  1372                           
  1373                           ;Config register CONFIG2H @ 0x300003
  1374                           ;	Brown Out Reset Voltage selection bits
  1375                           ;	BORV = VBOR_190, Brown-out Reset Voltage (VBOR) set to 1.90V
  1376                           ;	ZCD Disable bit
  1377                           ;	ZCD = OFF, ZCD disabled. ZCD can be enabled by setting the ZCDSEN bit of ZCDCON
  1378                           ;	PPSLOCK bit One-Way Set Enable bit
  1379                           ;	PPS1WAY = ON, PPSLOCK bit can be cleared and set only once; PPS registers remain locke
      +                          d after one clear/set cycle
  1380                           ;	Stack Full/Underflow Reset Enable bit
  1381                           ;	STVREN = ON, Stack full/underflow will cause Reset
  1382                           ;	Extended Instruction Set Enable bit
  1383                           ;	XINST = OFF, Extended Instruction Set and Indexed Addressing Mode disabled
  1384   300003                     	org	3145731
  1385   300003  FF                 	db	255
  1386                           
  1387                           ;Config register CONFIG3L @ 0x300004
  1388                           ;	WDT Period Select bits
  1389                           ;	WDTCPS = WDTCPS_31, Divider ratio 1:65536; software control of WDTPS
  1390                           ;	WDT operating mode
  1391                           ;	WDTE = OFF, WDT Disabled
  1392   300004                     	org	3145732
  1393   300004  9F                 	db	159
  1394                           
  1395                           ;Config register CONFIG3H @ 0x300005
  1396                           ;	WDT Window Select bits
  1397                           ;	WDTCWS = WDTCWS_7, window always open (100%); software control; keyed access not requi
      +                          red
  1398                           ;	WDT input clock selector
  1399                           ;	WDTCCS = SC, Software Control
  1400   300005                     	org	3145733
  1401   300005  FF                 	db	255
  1402                           
  1403                           ;Config register CONFIG4L @ 0x300006
  1404                           ;	Write Protection Block 0
  1405                           ;	WRT0 = OFF, Block 0 (000800-001FFFh) not write-protected
  1406                           ;	Write Protection Block 1
  1407                           ;	WRT1 = OFF, Block 1 (002000-003FFFh) not write-protected
  1408   300006                     	org	3145734
  1409   300006  FF                 	db	255
  1410                           
  1411                           ;Config register CONFIG4H @ 0x300007
  1412                           ;	Configuration Register Write Protection bit
  1413                           ;	WRTC = OFF, Configuration registers (300000-30000Bh) not write-protected
  1414                           ;	Boot Block Write Protection bit
  1415                           ;	WRTB = OFF, Boot Block (000000-0007FFh) not write-protected
  1416                           ;	Data EEPROM Write Protection bit
  1417                           ;	WRTD = OFF, Data EEPROM not write-protected
  1418                           ;	Scanner Enable bit
  1419                           ;	SCANE = ON, Scanner module is available for use, SCANMD bit can control the module
  1420                           ;	Low Voltage Programming Enable bit
  1421                           ;	LVP = ON, Low voltage programming enabled. MCLR/VPP pin function is MCLR. MCLRE config
      +                          uration bit is ignored
  1422   300007                     	org	3145735
  1423   300007  FF                 	db	255
  1424                           
  1425                           ;Config register CONFIG5L @ 0x300008
  1426                           ;	UserNVM Program Memory Code Protection bit
  1427                           ;	CP = OFF, UserNVM code protection disabled
  1428                           ;	DataNVM Memory Code Protection bit
  1429                           ;	CPD = OFF, DataNVM code protection disabled
  1430   300008                     	org	3145736
  1431   300008  FF                 	db	255
  1432                           
  1433                           ;Config register CONFIG5H @ 0x300009
  1434                           ;	unspecified, using default values
  1435   300009                     	org	3145737
  1436   300009  FF                 	db	255
  1437                           
  1438                           ;Config register CONFIG6L @ 0x30000A
  1439                           ;	Table Read Protection Block 0
  1440                           ;	EBTR0 = OFF, Block 0 (000800-001FFFh) not protected from table reads executed in other
      +                           blocks
  1441                           ;	Table Read Protection Block 1
  1442                           ;	EBTR1 = OFF, Block 1 (002000-003FFFh) not protected from table reads executed in other
      +                           blocks
  1443   30000A                     	org	3145738
  1444   30000A  FF                 	db	255
  1445                           
  1446                           ;Config register CONFIG6H @ 0x30000B
  1447                           ;	Boot Block Table Read Protection bit
  1448                           ;	EBTRB = OFF, Boot Block (000000-0007FFh) not protected from table reads executed in ot
      +                          her blocks
  1449   30000B                     	org	3145739
  1450   30000B  FF                 	db	255
  1451                           tosu	equ	0xFFF
  1452                           tosh	equ	0xFFE
  1453                           tosl	equ	0xFFD
  1454                           stkptr	equ	0xFFC
  1455                           pclatu	equ	0xFFB
  1456                           pclath	equ	0xFFA
  1457                           pcl	equ	0xFF9
  1458                           tblptru	equ	0xFF8
  1459                           tblptrh	equ	0xFF7
  1460                           tblptrl	equ	0xFF6
  1461                           tablat	equ	0xFF5
  1462                           prodh	equ	0xFF4
  1463                           prodl	equ	0xFF3
  1464                           indf0	equ	0xFEF
  1465                           postinc0	equ	0xFEE
  1466                           postdec0	equ	0xFED
  1467                           preinc0	equ	0xFEC
  1468                           plusw0	equ	0xFEB
  1469                           fsr0h	equ	0xFEA
  1470                           fsr0l	equ	0xFE9
  1471                           wreg	equ	0xFE8
  1472                           indf1	equ	0xFE7
  1473                           postinc1	equ	0xFE6
  1474                           postdec1	equ	0xFE5
  1475                           preinc1	equ	0xFE4
  1476                           plusw1	equ	0xFE3
  1477                           fsr1h	equ	0xFE2
  1478                           fsr1l	equ	0xFE1
  1479                           bsr	equ	0xFE0
  1480                           indf2	equ	0xFDF
  1481                           postinc2	equ	0xFDE
  1482                           postdec2	equ	0xFDD
  1483                           preinc2	equ	0xFDC
  1484                           plusw2	equ	0xFDB
  1485                           fsr2h	equ	0xFDA
  1486                           fsr2l	equ	0xFD9
  1487                           status	equ	0xFD8

Data Sizes:
    Strings     1
    Constant    0
    Data        0
    BSS         37
    Persistent  0
    Stack       0

Auto Spaces:
    Space          Size  Autos    Used
    COMRAM           95     30      67
    BANK0           160      0       0
    BANK1           256      0       0
    BANK2           256      0       0
    BANK3           256      0       0

Pointer List with Targets:

    vfpfcnvrt@ap	PTR PTR void  size(2) Largest target is 2
		 -> printf@ap(COMRAM[2]), 

    S485$source	PTR const unsigned char  size(2) Largest target is 0

    fputc@fp...source	PTR const unsigned char  size(2) Largest target is 0

    S485$buffer	PTR unsigned char  size(2) Largest target is 0

    fputc@fp...buffer	PTR unsigned char  size(2) Largest target is 0

    fputc@fp	PTR struct _IO_FILE size(2) Largest target is 0
		 -> NULL(NULL[0]), 

    vfprintf@ap	PTR PTR void  size(2) Largest target is 2
		 -> printf@ap(COMRAM[2]), 

    vfprintf@fp	PTR struct _IO_FILE size(2) Largest target is 0
		 -> NULL(NULL[0]), 

    vfprintf@fmt	PTR const unsigned char  size(2) Largest target is 1
		 -> STR_1(CODE[1]), 

    vfprintf@cfmt	PTR unsigned char  size(2) Largest target is 1
		 -> STR_1(CODE[1]), 

    vfpfcnvrt@fp	PTR struct _IO_FILE size(2) Largest target is 0
		 -> NULL(NULL[0]), 

    vfpfcnvrt@fmt	PTR PTR unsigned char  size(2) Largest target is 2
		 -> vfprintf@cfmt(COMRAM[2]), 

    S520$vp	PTR void  size(2) Largest target is 0

    convarg.vp	PTR void  size(2) Largest target is 0

    printf@fmt	PTR const unsigned char  size(2) Largest target is 1
		 -> STR_1(CODE[1]), 

    printf@ap	PTR void [1] size(2) Largest target is 2
		 -> ?_printf(COMRAM[2]), 


Critical Paths under _main in COMRAM

    _main->_printf
    _printf->_vfprintf
    _vfprintf->_vfpfcnvrt
    _vfpfcnvrt->_fputc

Critical Paths under _main in BANK0

    None.

Critical Paths under _main in BANK1

    None.

Critical Paths under _main in BANK2

    None.

Critical Paths under _main in BANK3

    None.

Call Graph Tables:

 ---------------------------------------------------------------------------------
 (Depth) Function   	        Calls       Base Space   Used Autos Params    Refs
 ---------------------------------------------------------------------------------
 (0) _main                                                 3     3      0    1424
                                             27 COMRAM     3     3      0
                             _printf
 ---------------------------------------------------------------------------------
 (1) _printf                                               6     4      2    1399
                                             23 COMRAM     4     2      2
                           _vfprintf
 ---------------------------------------------------------------------------------
 (2) _vfprintf                                             8     2      6    1271
                                             15 COMRAM     8     2      6
                          _vfpfcnvrt
 ---------------------------------------------------------------------------------
 (3) _vfpfcnvrt                                           22    16      6     924
                                              9 COMRAM     6     0      6
                              _fputc
 ---------------------------------------------------------------------------------
 (4) _fputc                                                9     5      4     564
                                              0 COMRAM     9     5      4
                              _putch
 ---------------------------------------------------------------------------------
 (5) _putch                                                1     1      0       0
 ---------------------------------------------------------------------------------
 Estimated maximum stack depth 5
 ---------------------------------------------------------------------------------

 Call Graph Graphs:

 _main (ROOT)
   _printf
     _vfprintf
       _vfpfcnvrt
         _fputc
           _putch

 Address spaces:
Name               Size   Autos  Total    Cost      Usage
BIGRAM             3FF      0       0      16        0.0%
EEDATA             100      0       0       0        0.0%
BITBIGSFR          100      0       0      14        0.0%
BITBANK3           100      0       0       9        0.0%
BANK3              100      0       0      10        0.0%
BITBANK2           100      0       0       7        0.0%
BANK2              100      0       0       8        0.0%
BITBANK1           100      0       0       5        0.0%
BANK1              100      0       0       6        0.0%
BITBIGSFR_1ll       FA      0       0      13        0.0%
BITBANK0            A0      0       0       3        0.0%
BANK0               A0      0       0       4        0.0%
BITBIGSFR_1h        78      0       0      11        0.0%
BITCOMRAM           5F      0       0       0        0.0%
COMRAM              5F     1E      43       1       70.5%
BITBIGSFR_1lh        4      0       0      12        0.0%
BIGSFR_1             0      0       0     200        0.0%
BIGSFR               0      0       0     200        0.0%
BITSFR_3             0      0       0     200        0.0%
SFR_3                0      0       0     200        0.0%
BITSFR_2             0      0       0     200        0.0%
SFR_2                0      0       0     200        0.0%
BITSFR_1             0      0       0     200        0.0%
SFR_1                0      0       0     200        0.0%
BITSFR               0      0       0     200        0.0%
SFR                  0      0       0     200        0.0%
STACK                0      0       0       2        0.0%
NULL                 0      0       0       0        0.0%
ABS                  0      0      43      15        0.0%
DATA                 0      0      43      17        0.0%
CODE                 0      0       0       0        0.0%


Microchip Technology PIC18 Macro Assembler V2.40 build 20220703182018 
Symbol Table                                                                                   Wed Sep 28 13:53:10 2022

                     u80 3F7C                       u81 3F78                       u90 3F8E  
                     u91 3F8A                      l730 3E84                      l724 3F68  
                    l742 3FFE                      l831 3F98                      l753 3DF6  
                    l833 3FB6                      l825 3F6A                      l841 3F10  
                    l835 3FEC                      l827 3F7C                      l843 3F1E  
                    l851 3F40                      l829 3F8E                      l845 3F2A  
                    l861 3E60                      l847 3F2E                      l839 3EEC  
                    l863 3E7C                      l857 3E38                      l881 3EA6  
                    l873 3E86                      l698 3E36                      l859 3E44  
                    l867 3E12                      l891 3EE0                      l883 3EB2  
                    l875 3E88                      l869 3E1A                      l885 3EB4  
                    l877 3E8C                      l887 3ECC                      l879 3E8E  
                    l889 3ECE                      u100 3FB6                      u101 3FB2  
                    u110 3FEC                      u111 3FE8                      u120 3F10  
                    u121 3F0C                      u130 3E7C                      u131 3E78  
                    u140 3EE0                      u141 3EDC                      u157 3E98  
                    u167 3EBE                      wreg 000FE8                     STR_1 1505  
            main@counter 0043                     _dbuf 0001                     _main 3E86  
                   _prec 0023                     fsr1h 000FE2                     fsr2h 000FDA  
                   fsr1l 000FE1                     fsr2l 000FD9                     start 1500  
           ___param_bank 000000                    ?_main 0026                    _LATA5 007C15  
           vfpfcnvrt@fmt 0031                    _flags 0025                    _fputc 3F6A  
                  _width 0021                    _putch 3DF6                    tablat 000FF5  
                  status 000FD8          __initialization 3DF8             __end_of_main 3EEC  
                 ??_main 0041            __activetblptr 000001                   ?_fputc 0026  
                 ?_putch 0026                   _TRISA5 007C3D             vfprintf@cfmt 003B  
                 clear_0 3DFE                   isa$std 000001                   _printf 3E12  
                 fputc@c 0026             __mediumconst 0000                   tblptrh 000FF7  
                 tblptrl 000FF6                   tblptru 000FF8                   putch@c 0026  
       __end_of_vfprintf 3E86               __accesstop 0060  __end_of__initialization 3E04  
          ___rparam_used 000001           __pcstackCOMRAM 0026            __end_of_fputc 4000  
          __end_of_putch 3DF8                  ??_fputc 002A                  ??_putch 0026  
                ?_printf 003D                  __Hparam 0000                  __Lparam 0000  
              ?_vfprintf 0035             __psmallconst 1504                  __pcinit 3DF8  
                __ramtop 0500                  __ptext0 3E86                  __ptext1 3E12  
                __ptext2 3E38                  __ptext3 3EEC                  __ptext4 3F6A  
                __ptext5 3DF6     end_of_initialization 3E04                  fputc@fp 0028  
      __end_of_vfpfcnvrt 3F6A                  postdec2 000FDD                  postinc0 000FEE  
                postinc1 000FE6                  postinc2 000FDE               ??_vfprintf 003B  
            vfpfcnvrt@ap 0033              vfpfcnvrt@fp 002F           __end_of_printf 3E38  
    start_initialization 3DF8              vfprintf@fmt 0037                 ??_printf 003F  
            __pbssCOMRAM 0001              __smallconst 1504                _vfpfcnvrt 3EEC  
               __Hrparam 0000               vfprintf@ap 0039                 __Lrparam 0000  
             vfprintf@fp 0035             __Lsmallconst 1504               ?_vfpfcnvrt 002F  
               isa$xinst 000000                 _vfprintf 3E38                printf@fmt 003D  
               printf@ap 003F              ??_vfpfcnvrt 0035  
